/opt/devkitpro/devkitARM/bin/arm-none-eabi-gcc -Wall -Wno-unused-variable -O2 -mword-relocations -ffunction-sections -fdata-sections -march=armv6k -mtune=mpcore -mfloat-abi=hard -mfpu=vfp -marm -I/opt/devkitpro/libctru/include -I/opt/devkitpro/portlibs/armv6k/include -Isource -DARM11 -D__3DS__ -c source/main.c -o build/main.o
/opt/devkitpro/devkitARM/bin/arm-none-eabi-gcc -Wall -Wno-unused-variable -O2 -mword-relocations -ffunction-sections -fdata-sections -march=armv6k -mtune=mpcore -mfloat-abi=hard -mfpu=vfp -marm -I/opt/devkitpro/libctru/include -I/opt/devkitpro/portlibs/armv6k/include -Isource -DARM11 -D__3DS__ -c source/menu.c -o build/menu.o
/opt/devkitpro/devkitARM/bin/arm-none-eabi-gcc -Wall -Wno-unused-variable -O2 -mword-relocations -ffunction-sections -fdata-sections -march=armv6k -mtune=mpcore -mfloat-abi=hard -mfpu=vfp -marm -I/opt/devkitpro/libctru/include -I/opt/devkitpro/portlibs/armv6k/include -Isource -DARM11 -D__3DS__ -c source/fonts.c -o build/fonts.o
/opt/devkitpro/devkitARM/bin/arm-none-eabi-gcc -Wall -Wno-unused-variable -O2 -mword-relocations -ffunction-sections -fdata-sections -march=armv6k -mtune=mpcore -mfloat-abi=hard -mfpu=vfp -marm -I/opt/devkitpro/libctru/include -I/opt/devkitpro/portlibs/armv6k/include -Isource -DARM11 -D__3DS__ -c source/darkmode.c -o build/darkmode.o
/opt/devkitpro/devkitARM/bin/arm-none-eabi-gcc -Wall -Wno-unused-variable -O2 -mword-relocations -ffunction-sections -fdata-sections -march=armv6k -mtune=mpcore -mfloat-abi=hard -mfpu=vfp -marm -I/opt/devkitpro/libctru/include -I/opt/devkitpro/portlibs/armv6k/include -Isource -DARM11 -D__3DS__ -c source/led.c -o build/led.o
/opt/devkitpro/devkitARM/bin/arm-none-eabi-gcc -Wall -Wno-unused-variable -O2 -mword-relocations -ffunction-sections -fdata-sections -march=armv6k -mtune=mpcore -mfloat-abi=hard -mfpu=vfp -marm -I/opt/devkitpro/libctru/include -I/opt/devkitpro/portlibs/armv6k/include -Isource -DARM11 -D__3DS__ -c source/config.c -o build/config.o
/opt/devkitpro/devkitARM/bin/arm-none-eabi-gcc -Wall -Wno-unused-variable -O2 -mword-relocations -ffunction-sections -fdata-sections -march=armv6k -mtune=mpcore -mfloat-abi=hard -mfpu=vfp -marm -I/opt/devkitpro/libctru/include -I/opt/devkitpro/portlibs/armv6k/include -Isource -DARM11 -D__3DS__ -c source/theme.c -o build/theme.o
/opt/devkitpro/devkitARM/bin/arm-none-eabi-gcc -Wall -Wno-unused-variable -O2 -mword-relocations -ffunction-sections -fdata-sections -march=armv6k -mtune=mpcore -mfloat-abi=hard -mfpu=vfp -marm -I/opt/devkitpro/libctru/include -I/opt/devkitpro/portlibs/armv6k/include -Isource -DARM11 -D__3DS__ -c source/anim.c -o build/anim.o
/opt/devkitpro/devkitARM/bin/arm-none-eabi-gcc -Wall -Wno-unused-variable -O2 -mword-relocations -ffunction-sections -fdata-sections -march=armv6k -mtune=mpcore -mfloat-abi=hard -mfpu=vfp -marm -I/opt/devkitpro/libctru/include -I/opt/devkitpro/portlibs/armv6k/include -Isource -DARM11 -D__3DS__ -c source/ui.c -o build/ui.o
/opt/devkitpro/devkitARM/bin/arm-none-eabi-gcc -Wall -Wno-unused-variable -O2 -mword-relocations -ffunction-sections -fdata-sections -march=armv6k -mtune=mpcore -mfloat-abi=hard -mfpu=vfp -marm -I/opt/devkitpro/libctru/include -I/opt/devkitpro/portlibs/armv6k/include -Isource -DARM11 -D__3DS__ -c source/input.c -o build/input.o
/opt/devkitpro/devkitARM/bin/arm-none-eabi-gcc -Wall -Wno-unused-variable -O2 -mword-relocations -ffunction-sections -fdata-sections -march=armv6k -mtune=mpcore -mfloat-abi=hard -mfpu=vfp -marm -I/opt/devkitpro/libctru/include -I/opt/devkitpro/portlibs/armv6k/include -Isource -DARM11 -D__3DS__ -c source/color_picker.c -o build/color_picker.o
/opt/devkitpro/devkitARM/bin/arm-none-eabi-gcc -o build/CustomizerDS.elf build/main.o build/menu.o build/fonts.o build/darkmode.o build/led.o build/config.o build/theme.o build/anim.o build/ui.o build/input.o build/color_picker.o -specs=/opt/devkitpro/devkitARM/arm-none-eabi/lib/3dsx.specs -g -march=armv6k -mtune=mpcore -mfloat-abi=hard -mfpu=vfp -marm -Wl,--gc-sections -Wl,--build-id=none -L/opt/devkitpro/libctru/lib -L/opt/devkitpro/portlibs/armv6k/lib -lcitro2d -lcitro3d -lctru -lm
/home/chicharito/bin/bannertool makesmdh -s "CustomizerDS" -l "Personalize seu Nintendo 3DS" -p "Syncmaker" -i romfs/icon.png -o build/CustomizerDS.smdh
Created SMDH "build/CustomizerDS.smdh".
/opt/devkitpro/tools/bin/mkromfs3ds romfs build/romfs_raw.bin
python3 scripts/mk_ivfc_romfs.py build/romfs_raw.bin build/romfs.bin
/opt/devkitpro/tools/bin/3dsxtool build/CustomizerDS.elf build/CustomizerDS.3dsx --smdh=build/CustomizerDS.smdh --romfs=build/romfs.bin
/home/chicharito/bin/bannertool makebanner -i banner_source.png -a audio.wav -o build/banner.bin
Created banner "build/banner.bin".
/opt/devkitpro/devkitARM/bin/arm-none-eabi-strip build/CustomizerDS.elf -o build/CustomizerDS_stripped.elf
/home/chicharito/bin/makerom -f cia -o build/CustomizerDS.cia -rsf build/app.rsf -target t -exefslogo -elf build/CustomizerDS_stripped.elf -icon build/CustomizerDS.smdh -banner build/banner.bin -romfs build/romfs.bin
